<?xml version="1.0" encoding="UTF-8"?>
<testsuite xmlns:xsi="http://www.w3.org/2001/XMLSchema-instance" xsi:noNamespaceSchemaLocation="https://maven.apache.org/surefire/maven-surefire-plugin/xsd/surefire-test-report-3.0.xsd" version="3.0" name="com.atguigu.mybatis.test.PramaterMapperTest" time="1.198" tests="7" errors="2" skipped="0" failures="0">
  <properties>
    <property name="java.specification.version" value="21"/>
    <property name="sun.cpu.isalist" value="amd64"/>
    <property name="sun.jnu.encoding" value="GBK"/>
    <property name="java.class.path" value="E:\Project\MyBatis_code1\Mybatis_demo2\target\test-classes;E:\Project\MyBatis_code1\Mybatis_demo2\target\classes;C:\Users\koyyu\.m2\repository\org\mybatis\mybatis\3.5.10\mybatis-3.5.10.jar;C:\Users\koyyu\.m2\repository\junit\junit\4.12\junit-4.12.jar;C:\Users\koyyu\.m2\repository\org\hamcrest\hamcrest-core\1.3\hamcrest-core-1.3.jar;C:\Users\koyyu\.m2\repository\com\mysql\mysql-connector-j\8.0.33\mysql-connector-j-8.0.33.jar;C:\Users\koyyu\.m2\repository\com\google\protobuf\protobuf-java\3.21.9\protobuf-java-3.21.9.jar;C:\Users\koyyu\.m2\repository\log4j\log4j\1.2.17\log4j-1.2.17.jar;"/>
    <property name="java.vm.vendor" value="Oracle Corporation"/>
    <property name="sun.arch.data.model" value="64"/>
    <property name="user.variant" value=""/>
    <property name="java.vendor.url" value="https://java.oracle.com/"/>
    <property name="user.timezone" value="Asia/Shanghai"/>
    <property name="os.name" value="Windows 10"/>
    <property name="java.vm.specification.version" value="21"/>
    <property name="sun.java.launcher" value="SUN_STANDARD"/>
    <property name="user.country" value="CN"/>
    <property name="sun.boot.library.path" value="E:\Java\JDK_21\bin"/>
    <property name="sun.java.command" value="C:\Users\koyyu\AppData\Local\Temp\surefire15291061309791679358\surefirebooter-20250314101811156_3.jar C:\Users\koyyu\AppData\Local\Temp\surefire15291061309791679358 2025-03-14T10-18-10_022-jvmRun1 surefire-20250314101811156_1tmp surefire_0-20250314101811156_2tmp"/>
    <property name="jdk.debug" value="release"/>
    <property name="surefire.test.class.path" value="E:\Project\MyBatis_code1\Mybatis_demo2\target\test-classes;E:\Project\MyBatis_code1\Mybatis_demo2\target\classes;C:\Users\koyyu\.m2\repository\org\mybatis\mybatis\3.5.10\mybatis-3.5.10.jar;C:\Users\koyyu\.m2\repository\junit\junit\4.12\junit-4.12.jar;C:\Users\koyyu\.m2\repository\org\hamcrest\hamcrest-core\1.3\hamcrest-core-1.3.jar;C:\Users\koyyu\.m2\repository\com\mysql\mysql-connector-j\8.0.33\mysql-connector-j-8.0.33.jar;C:\Users\koyyu\.m2\repository\com\google\protobuf\protobuf-java\3.21.9\protobuf-java-3.21.9.jar;C:\Users\koyyu\.m2\repository\log4j\log4j\1.2.17\log4j-1.2.17.jar;"/>
    <property name="sun.cpu.endian" value="little"/>
    <property name="user.home" value="C:\Users\koyyu"/>
    <property name="user.language" value="zh"/>
    <property name="java.specification.vendor" value="Oracle Corporation"/>
    <property name="java.version.date" value="2024-07-16"/>
    <property name="java.home" value="E:\Java\JDK_21"/>
    <property name="file.separator" value="\"/>
    <property name="basedir" value="E:\Project\MyBatis_code1\Mybatis_demo2"/>
    <property name="java.vm.compressedOopsMode" value="Zero based"/>
    <property name="line.separator" value="&#10;"/>
    <property name="java.vm.specification.vendor" value="Oracle Corporation"/>
    <property name="java.specification.name" value="Java Platform API Specification"/>
    <property name="surefire.real.class.path" value="C:\Users\koyyu\AppData\Local\Temp\surefire15291061309791679358\surefirebooter-20250314101811156_3.jar"/>
    <property name="user.script" value=""/>
    <property name="sun.management.compiler" value="HotSpot 64-Bit Tiered Compilers"/>
    <property name="java.runtime.version" value="21.0.4+8-LTS-274"/>
    <property name="user.name" value="koyyu"/>
    <property name="stdout.encoding" value="GBK"/>
    <property name="path.separator" value=";"/>
    <property name="os.version" value="10.0"/>
    <property name="java.runtime.name" value="Java(TM) SE Runtime Environment"/>
    <property name="file.encoding" value="UTF-8"/>
    <property name="java.vm.name" value="Java HotSpot(TM) 64-Bit Server VM"/>
    <property name="localRepository" value="C:\Users\koyyu\.m2\repository"/>
    <property name="java.vendor.url.bug" value="https://bugreport.java.com/bugreport/"/>
    <property name="java.io.tmpdir" value="C:\Users\koyyu\AppData\Local\Temp\"/>
    <property name="idea.version" value="2024.3.1.1"/>
    <property name="java.version" value="21.0.4"/>
    <property name="user.dir" value="E:\Project\MyBatis_code1\Mybatis_demo2"/>
    <property name="os.arch" value="amd64"/>
    <property name="java.vm.specification.name" value="Java Virtual Machine Specification"/>
    <property name="sun.os.patch.level" value=""/>
    <property name="native.encoding" value="GBK"/>
    <property name="java.library.path" value="E:\Java\JDK_21\bin;C:\Windows\Sun\Java\bin;C:\Windows\system32;C:\Windows;C:\Windows\system32;C:\Windows;C:\Windows\System32\Wbem;C:\Windows\System32\WindowsPowerShell\v1.0\;C:\Windows\System32\OpenSSH\;D:\software\bandzip\Bandizip\;C:\Program Files\Git\cmd;E:\Java\jdk-17.0.12_windows-x64_bin\jdk-17.0.12\bin;E:\Maven\apache-maven-3.9.9\bin;C:\Program Files\MySQL\MySQL Server 8.0\bin;C:\Program Files\dotnet\;C:\Users\koyyu\AppData\Local\Microsoft\WindowsApps;;E:\IDEA\IntelliJ IDEA 2024.3.1.1\bin;;."/>
    <property name="java.vm.info" value="mixed mode, sharing"/>
    <property name="stderr.encoding" value="GBK"/>
    <property name="java.vendor" value="Oracle Corporation"/>
    <property name="java.vm.version" value="21.0.4+8-LTS-274"/>
    <property name="sun.io.unicode.encoding" value="UnicodeLittle"/>
    <property name="java.class.version" value="65.0"/>
  </properties>
  <testcase name="testCheckLogin" classname="com.atguigu.mybatis.test.PramaterMapperTest" time="0.847">
    <system-out><![CDATA[log4j: reset attribute= "false".
log4j: Threshold ="null".
log4j: Retreiving an instance of org.apache.log4j.Logger.
log4j: Setting [java.sql] additivity to [true].
log4j: Level value for java.sql is  [debug].
log4j: java.sql level set to DEBUG
log4j: Retreiving an instance of org.apache.log4j.Logger.
log4j: Setting [org.apache.ibatis] additivity to [true].
log4j: Level value for org.apache.ibatis is  [info].
log4j: org.apache.ibatis level set to INFO
log4j: Level value for root is  [debug].
log4j: root level set to DEBUG
log4j: Class name: [org.apache.log4j.ConsoleAppender]
log4j: Setting property [encoding] to [UTF-8].
log4j: Parsing layout of class: "org.apache.log4j.PatternLayout"
log4j: Setting property [conversionPattern] to [%-5p %d{MM-dd HH:mm:ss,SSS} %m (%F:%L) 
].
log4j: Adding appender named [STDOUT] to category [root].
DEBUG 03-14 10:18:12,620 ==>  Preparing: select * from t_user where username = '张三' and password = '123456' (BaseJdbcLogger.java:137) 
DEBUG 03-14 10:18:12,658 ==> Parameters:  (BaseJdbcLogger.java:137) 
DEBUG 03-14 10:18:12,693 <==      Total: 0 (BaseJdbcLogger.java:137) 
null
]]></system-out>
  </testcase>
  <testcase name="testJDBC" classname="com.atguigu.mybatis.test.PramaterMapperTest" time="0.001">
    <error type="java.lang.ClassNotFoundException"><![CDATA[java.lang.ClassNotFoundException: 
	at java.base/java.lang.Class.forName0(Native Method)
	at java.base/java.lang.Class.forName(Class.java:421)
	at java.base/java.lang.Class.forName(Class.java:412)
	at com.atguigu.mybatis.test.PramaterMapperTest.testJDBC(PramaterMapperTest.java:93)
	at java.base/jdk.internal.reflect.DirectMethodHandleAccessor.invoke(DirectMethodHandleAccessor.java:103)
	at java.base/java.lang.reflect.Method.invoke(Method.java:580)
	at org.junit.runners.model.FrameworkMethod$1.runReflectiveCall(FrameworkMethod.java:50)
	at org.junit.internal.runners.model.ReflectiveCallable.run(ReflectiveCallable.java:12)
	at org.junit.runners.model.FrameworkMethod.invokeExplosively(FrameworkMethod.java:47)
	at org.junit.internal.runners.statements.InvokeMethod.evaluate(InvokeMethod.java:17)
	at org.junit.runners.ParentRunner.runLeaf(ParentRunner.java:325)
	at org.junit.runners.BlockJUnit4ClassRunner.runChild(BlockJUnit4ClassRunner.java:78)
	at org.junit.runners.BlockJUnit4ClassRunner.runChild(BlockJUnit4ClassRunner.java:57)
	at org.junit.runners.ParentRunner$3.run(ParentRunner.java:290)
	at org.junit.runners.ParentRunner$1.schedule(ParentRunner.java:71)
	at org.junit.runners.ParentRunner.runChildren(ParentRunner.java:288)
	at org.junit.runners.ParentRunner.access$000(ParentRunner.java:58)
	at org.junit.runners.ParentRunner$2.evaluate(ParentRunner.java:268)
	at org.junit.runners.ParentRunner.run(ParentRunner.java:363)
	at org.apache.maven.surefire.junit4.JUnit4Provider.execute(JUnit4Provider.java:316)
	at org.apache.maven.surefire.junit4.JUnit4Provider.executeWithRerun(JUnit4Provider.java:240)
	at org.apache.maven.surefire.junit4.JUnit4Provider.executeTestSet(JUnit4Provider.java:214)
	at org.apache.maven.surefire.junit4.JUnit4Provider.invoke(JUnit4Provider.java:155)
	at org.apache.maven.surefire.booter.ForkedBooter.runSuitesInProcess(ForkedBooter.java:385)
	at org.apache.maven.surefire.booter.ForkedBooter.execute(ForkedBooter.java:162)
	at org.apache.maven.surefire.booter.ForkedBooter.run(ForkedBooter.java:507)
	at org.apache.maven.surefire.booter.ForkedBooter.main(ForkedBooter.java:495)
]]></error>
  </testcase>
  <testcase name="testCheckLoginByMap" classname="com.atguigu.mybatis.test.PramaterMapperTest" time="0.063">
    <system-out><![CDATA[DEBUG 03-14 10:18:12,752 ==>  Preparing: select * from t_user where username = ? and password = ? (BaseJdbcLogger.java:137) 
DEBUG 03-14 10:18:12,759 ==> Parameters: 张三(String), 123456(String) (BaseJdbcLogger.java:137) 
DEBUG 03-14 10:18:12,763 <==      Total: 0 (BaseJdbcLogger.java:137) 
null
]]></system-out>
  </testcase>
  <testcase name="testCheckLoginByParam" classname="com.atguigu.mybatis.test.PramaterMapperTest" time="0.051">
    <system-out><![CDATA[DEBUG 03-14 10:18:12,812 ==>  Preparing: select * from t_user where username = ? and password = ? (BaseJdbcLogger.java:137) 
DEBUG 03-14 10:18:12,812 ==> Parameters: 张三(String), 123456(String) (BaseJdbcLogger.java:137) 
DEBUG 03-14 10:18:12,815 <==      Total: 0 (BaseJdbcLogger.java:137) 
null
]]></system-out>
  </testcase>
  <testcase name="testGetAllUser" classname="com.atguigu.mybatis.test.PramaterMapperTest" time="0.055">
    <system-out><![CDATA[DEBUG 03-14 10:18:12,868 ==>  Preparing: select * from t_user (BaseJdbcLogger.java:137) 
DEBUG 03-14 10:18:12,869 ==> Parameters:  (BaseJdbcLogger.java:137) 
DEBUG 03-14 10:18:12,870 <==      Total: 0 (BaseJdbcLogger.java:137) 
]]></system-out>
  </testcase>
  <testcase name="testInsertUser" classname="com.atguigu.mybatis.test.PramaterMapperTest" time="0.081">
    <error message="&#10;### Error updating database.  Cause: java.sql.SQLIntegrityConstraintViolationException: Column &apos;id&apos; cannot be null&#10;### The error may exist in com/atguigu/mybatis/mapper/ParameterMapper.xml&#10;### The error may involve defaultParameterMap&#10;### The error occurred while setting parameters&#10;### SQL: insert into t_user values(null,?,?,?,?,?)&#10;### Cause: java.sql.SQLIntegrityConstraintViolationException: Column &apos;id&apos; cannot be null" type="org.apache.ibatis.exceptions.PersistenceException"><![CDATA[org.apache.ibatis.exceptions.PersistenceException: 

### Error updating database.  Cause: java.sql.SQLIntegrityConstraintViolationException: Column 'id' cannot be null
### The error may exist in com/atguigu/mybatis/mapper/ParameterMapper.xml
### The error may involve defaultParameterMap
### The error occurred while setting parameters
### SQL: insert into t_user values(null,?,?,?,?,?)
### Cause: java.sql.SQLIntegrityConstraintViolationException: Column 'id' cannot be null
	at org.apache.ibatis.exceptions.ExceptionFactory.wrapException(ExceptionFactory.java:30)
	at org.apache.ibatis.session.defaults.DefaultSqlSession.update(DefaultSqlSession.java:196)
	at org.apache.ibatis.session.defaults.DefaultSqlSession.insert(DefaultSqlSession.java:181)
	at org.apache.ibatis.binding.MapperMethod.execute(MapperMethod.java:62)
	at org.apache.ibatis.binding.MapperProxy$PlainMethodInvoker.invoke(MapperProxy.java:145)
	at org.apache.ibatis.binding.MapperProxy.invoke(MapperProxy.java:86)
	at jdk.proxy2/jdk.proxy2.$Proxy10.insertUser(Unknown Source)
	at com.atguigu.mybatis.test.PramaterMapperTest.testInsertUser(PramaterMapperTest.java:51)
	at java.base/jdk.internal.reflect.DirectMethodHandleAccessor.invoke(DirectMethodHandleAccessor.java:103)
	at java.base/java.lang.reflect.Method.invoke(Method.java:580)
	at org.junit.runners.model.FrameworkMethod$1.runReflectiveCall(FrameworkMethod.java:50)
	at org.junit.internal.runners.model.ReflectiveCallable.run(ReflectiveCallable.java:12)
	at org.junit.runners.model.FrameworkMethod.invokeExplosively(FrameworkMethod.java:47)
	at org.junit.internal.runners.statements.InvokeMethod.evaluate(InvokeMethod.java:17)
	at org.junit.runners.ParentRunner.runLeaf(ParentRunner.java:325)
	at org.junit.runners.BlockJUnit4ClassRunner.runChild(BlockJUnit4ClassRunner.java:78)
	at org.junit.runners.BlockJUnit4ClassRunner.runChild(BlockJUnit4ClassRunner.java:57)
	at org.junit.runners.ParentRunner$3.run(ParentRunner.java:290)
	at org.junit.runners.ParentRunner$1.schedule(ParentRunner.java:71)
	at org.junit.runners.ParentRunner.runChildren(ParentRunner.java:288)
	at org.junit.runners.ParentRunner.access$000(ParentRunner.java:58)
	at org.junit.runners.ParentRunner$2.evaluate(ParentRunner.java:268)
	at org.junit.runners.ParentRunner.run(ParentRunner.java:363)
	at org.apache.maven.surefire.junit4.JUnit4Provider.execute(JUnit4Provider.java:316)
	at org.apache.maven.surefire.junit4.JUnit4Provider.executeWithRerun(JUnit4Provider.java:240)
	at org.apache.maven.surefire.junit4.JUnit4Provider.executeTestSet(JUnit4Provider.java:214)
	at org.apache.maven.surefire.junit4.JUnit4Provider.invoke(JUnit4Provider.java:155)
	at org.apache.maven.surefire.booter.ForkedBooter.runSuitesInProcess(ForkedBooter.java:385)
	at org.apache.maven.surefire.booter.ForkedBooter.execute(ForkedBooter.java:162)
	at org.apache.maven.surefire.booter.ForkedBooter.run(ForkedBooter.java:507)
	at org.apache.maven.surefire.booter.ForkedBooter.main(ForkedBooter.java:495)
Caused by: java.sql.SQLIntegrityConstraintViolationException: Column 'id' cannot be null
	at com.mysql.cj.jdbc.exceptions.SQLError.createSQLException(SQLError.java:118)
	at com.mysql.cj.jdbc.exceptions.SQLExceptionsMapping.translateException(SQLExceptionsMapping.java:122)
	at com.mysql.cj.jdbc.ClientPreparedStatement.executeInternal(ClientPreparedStatement.java:916)
	at com.mysql.cj.jdbc.ClientPreparedStatement.execute(ClientPreparedStatement.java:354)
	at java.base/jdk.internal.reflect.DirectMethodHandleAccessor.invoke(DirectMethodHandleAccessor.java:103)
	at java.base/java.lang.reflect.Method.invoke(Method.java:580)
	at org.apache.ibatis.logging.jdbc.PreparedStatementLogger.invoke(PreparedStatementLogger.java:59)
	at jdk.proxy3/jdk.proxy3.$Proxy12.execute(Unknown Source)
	at org.apache.ibatis.executor.statement.PreparedStatementHandler.update(PreparedStatementHandler.java:47)
	at org.apache.ibatis.executor.statement.RoutingStatementHandler.update(RoutingStatementHandler.java:74)
	at org.apache.ibatis.executor.SimpleExecutor.doUpdate(SimpleExecutor.java:50)
	at org.apache.ibatis.executor.BaseExecutor.update(BaseExecutor.java:117)
	at org.apache.ibatis.executor.CachingExecutor.update(CachingExecutor.java:76)
	at org.apache.ibatis.session.defaults.DefaultSqlSession.update(DefaultSqlSession.java:194)
	... 29 more
]]></error>
    <system-out><![CDATA[DEBUG 03-14 10:18:12,919 ==>  Preparing: insert into t_user values(null,?,?,?,?,?) (BaseJdbcLogger.java:137) 
DEBUG 03-14 10:18:12,924 ==> Parameters: 李四(String), 123(String), 23(Integer), 男(String), 123@qq.com(String) (BaseJdbcLogger.java:137) 
]]></system-out>
  </testcase>
  <testcase name="testGetUserByUsername" classname="com.atguigu.mybatis.test.PramaterMapperTest" time="0.053">
    <system-out><![CDATA[DEBUG 03-14 10:18:13,001 ==>  Preparing: select * from t_user where username = '张三' (BaseJdbcLogger.java:137) 
DEBUG 03-14 10:18:13,001 ==> Parameters:  (BaseJdbcLogger.java:137) 
DEBUG 03-14 10:18:13,004 <==      Total: 0 (BaseJdbcLogger.java:137) 
null
]]></system-out>
  </testcase>
</testsuite>